2017-10-26 20:40:08 INFO  Main:11 - OK
2017-10-26 20:40:26 INFO  Main:11 - OK
2017-10-26 20:49:01 INFO  Main:11 - OK
2017-10-26 20:51:05 INFO  Main:11 - OK
2017-10-26 20:53:32 INFO  Main:11 - OK
2017-10-26 20:53:54 INFO  Main:11 - OK
2017-10-26 20:55:19 INFO  Main:11 - OK
2017-10-26 21:06:17 INFO  Main:11 - OK
2017-10-27 09:59:30 INFO  Main:11 - OK
2017-10-27 10:00:29 INFO  Main:11 - OK
2017-10-27 10:02:31 INFO  Main:11 - OK
2017-10-27 10:03:11 INFO  Main:11 - OK
2017-10-27 10:03:25 INFO  Main:11 - OK
2017-10-27 10:03:53 INFO  Main:11 - OK
2017-10-27 10:04:07 INFO  Main:11 - OK
2017-10-27 10:05:49 INFO  Main:12 - OK
2017-10-27 10:08:25 INFO  Main:12 - OK
2017-10-27 10:10:34 INFO  Main:12 - OK
2017-10-27 10:12:21 INFO  Main:12 - OK
2017-10-27 10:14:08 INFO  Main:12 - OK
2017-10-27 10:15:11 INFO  Main:12 - OK
2017-10-27 10:15:41 INFO  Main:12 - OK
2017-10-27 10:16:32 INFO  Main:12 - OK
2017-10-27 10:16:32 INFO  StdSchedulerFactory:1184 - Using default implementation for ThreadExecutor
2017-10-27 10:16:32 INFO  SimpleThreadPool:268 - Job execution threads will use class loader of thread: main
2017-10-27 10:16:32 INFO  SchedulerSignalerImpl:61 - Initialized Scheduler Signaller of type: class org.quartz.core.SchedulerSignalerImpl
2017-10-27 10:16:32 INFO  QuartzScheduler:240 - Quartz Scheduler v.2.2.1 created.
2017-10-27 10:16:32 INFO  RAMJobStore:155 - RAMJobStore initialized.
2017-10-27 10:16:32 INFO  QuartzScheduler:305 - Scheduler meta-data: Quartz Scheduler (v2.2.1) 'DefaultQuartzScheduler' with instanceId 'NON_CLUSTERED'
  Scheduler class: 'org.quartz.core.QuartzScheduler' - running locally.
  NOT STARTED.
  Currently in standby mode.
  Number of jobs executed: 0
  Using thread pool 'org.quartz.simpl.SimpleThreadPool' - with 10 threads.
  Using job-store 'org.quartz.simpl.RAMJobStore' - which does not support persistence. and is not clustered.

2017-10-27 10:16:32 INFO  StdSchedulerFactory:1339 - Quartz scheduler 'DefaultQuartzScheduler' initialized from default resource file in Quartz package: 'quartz.properties'
2017-10-27 10:16:32 INFO  StdSchedulerFactory:1343 - Quartz scheduler version: 2.2.1
2017-10-27 10:16:32 INFO  QuartzScheduler:575 - Scheduler DefaultQuartzScheduler_$_NON_CLUSTERED started.
2017-10-27 10:16:32 DEBUG QuartzSchedulerThread:276 - batch acquisition of 0 triggers
2017-10-27 10:16:32 DEBUG QuartzSchedulerThread:276 - batch acquisition of 1 triggers
2017-10-27 10:16:32 DEBUG PropertySettingJobFactory:51 - Producing instance of Job 'group1.job1', class=Querys.Queries$QueryJob
2017-10-27 10:16:32 ERROR ErrorLogger:2425 - An error occured instantiating job to be executed. job= 'group1.job1'
org.quartz.SchedulerException: Problem instantiating class 'Querys.Queries$QueryJob' [See nested exception: java.lang.InstantiationException: Querys.Queries$QueryJob]
	at org.quartz.simpl.SimpleJobFactory.newJob(SimpleJobFactory.java:58)
	at org.quartz.simpl.PropertySettingJobFactory.newJob(PropertySettingJobFactory.java:69)
	at org.quartz.core.JobRunShell.initialize(JobRunShell.java:127)
	at org.quartz.core.QuartzSchedulerThread.run(QuartzSchedulerThread.java:375)
Caused by: java.lang.InstantiationException: Querys.Queries$QueryJob
	at java.lang.Class.newInstance(Class.java:427)
	at org.quartz.simpl.SimpleJobFactory.newJob(SimpleJobFactory.java:56)
	... 3 more
Caused by: java.lang.NoSuchMethodException: Querys.Queries$QueryJob.<init>()
	at java.lang.Class.getConstructor0(Class.java:3082)
	at java.lang.Class.newInstance(Class.java:412)
	... 4 more
2017-10-27 10:16:32 INFO  RAMJobStore:1615 - All triggers of Job group1.job1 set to ERROR state.
2017-10-27 10:16:32 DEBUG QuartzSchedulerThread:276 - batch acquisition of 0 triggers
2017-10-27 10:16:33 DEBUG UpdateChecker:54 - Checking for available updated version of Quartz...
2017-10-27 10:17:01 DEBUG QuartzSchedulerThread:276 - batch acquisition of 0 triggers
2017-10-27 10:17:30 DEBUG QuartzSchedulerThread:276 - batch acquisition of 0 triggers
2017-10-27 10:17:59 DEBUG QuartzSchedulerThread:276 - batch acquisition of 0 triggers
2017-10-27 10:18:10 INFO  Main:12 - OK
2017-10-27 10:18:10 INFO  StdSchedulerFactory:1184 - Using default implementation for ThreadExecutor
2017-10-27 10:18:10 INFO  SimpleThreadPool:268 - Job execution threads will use class loader of thread: main
2017-10-27 10:18:10 INFO  SchedulerSignalerImpl:61 - Initialized Scheduler Signaller of type: class org.quartz.core.SchedulerSignalerImpl
2017-10-27 10:18:10 INFO  QuartzScheduler:240 - Quartz Scheduler v.2.2.1 created.
2017-10-27 10:18:10 INFO  RAMJobStore:155 - RAMJobStore initialized.
2017-10-27 10:18:10 INFO  QuartzScheduler:305 - Scheduler meta-data: Quartz Scheduler (v2.2.1) 'DefaultQuartzScheduler' with instanceId 'NON_CLUSTERED'
  Scheduler class: 'org.quartz.core.QuartzScheduler' - running locally.
  NOT STARTED.
  Currently in standby mode.
  Number of jobs executed: 0
  Using thread pool 'org.quartz.simpl.SimpleThreadPool' - with 10 threads.
  Using job-store 'org.quartz.simpl.RAMJobStore' - which does not support persistence. and is not clustered.

2017-10-27 10:18:10 INFO  StdSchedulerFactory:1339 - Quartz scheduler 'DefaultQuartzScheduler' initialized from default resource file in Quartz package: 'quartz.properties'
2017-10-27 10:18:10 INFO  StdSchedulerFactory:1343 - Quartz scheduler version: 2.2.1
2017-10-27 10:18:10 INFO  QuartzScheduler:575 - Scheduler DefaultQuartzScheduler_$_NON_CLUSTERED started.
2017-10-27 10:18:10 DEBUG QuartzSchedulerThread:276 - batch acquisition of 0 triggers
2017-10-27 10:18:10 DEBUG QuartzSchedulerThread:276 - batch acquisition of 1 triggers
2017-10-27 10:18:10 DEBUG PropertySettingJobFactory:51 - Producing instance of Job 'group1.job1', class=Querys.Queries$QueryJob
2017-10-27 10:18:10 ERROR ErrorLogger:2425 - An error occured instantiating job to be executed. job= 'group1.job1'
org.quartz.SchedulerException: Problem instantiating class 'Querys.Queries$QueryJob' [See nested exception: java.lang.InstantiationException: Querys.Queries$QueryJob]
	at org.quartz.simpl.SimpleJobFactory.newJob(SimpleJobFactory.java:58)
	at org.quartz.simpl.PropertySettingJobFactory.newJob(PropertySettingJobFactory.java:69)
	at org.quartz.core.JobRunShell.initialize(JobRunShell.java:127)
	at org.quartz.core.QuartzSchedulerThread.run(QuartzSchedulerThread.java:375)
Caused by: java.lang.InstantiationException: Querys.Queries$QueryJob
	at java.lang.Class.newInstance(Class.java:427)
	at org.quartz.simpl.SimpleJobFactory.newJob(SimpleJobFactory.java:56)
	... 3 more
Caused by: java.lang.NoSuchMethodException: Querys.Queries$QueryJob.<init>()
	at java.lang.Class.getConstructor0(Class.java:3082)
	at java.lang.Class.newInstance(Class.java:412)
	... 4 more
2017-10-27 10:18:10 INFO  RAMJobStore:1615 - All triggers of Job group1.job1 set to ERROR state.
2017-10-27 10:18:10 DEBUG QuartzSchedulerThread:276 - batch acquisition of 0 triggers
2017-10-27 10:18:11 DEBUG UpdateChecker:54 - Checking for available updated version of Quartz...
2017-10-27 10:18:26 DEBUG QuartzSchedulerThread:276 - batch acquisition of 0 triggers
2017-10-27 10:18:34 DEBUG QuartzSchedulerThread:276 - batch acquisition of 0 triggers
2017-10-27 10:19:02 INFO  Main:12 - OK
2017-10-27 10:19:02 INFO  StdSchedulerFactory:1184 - Using default implementation for ThreadExecutor
2017-10-27 10:19:02 INFO  SimpleThreadPool:268 - Job execution threads will use class loader of thread: main
2017-10-27 10:19:02 INFO  SchedulerSignalerImpl:61 - Initialized Scheduler Signaller of type: class org.quartz.core.SchedulerSignalerImpl
2017-10-27 10:19:02 INFO  QuartzScheduler:240 - Quartz Scheduler v.2.2.1 created.
2017-10-27 10:19:02 INFO  RAMJobStore:155 - RAMJobStore initialized.
2017-10-27 10:19:02 INFO  QuartzScheduler:305 - Scheduler meta-data: Quartz Scheduler (v2.2.1) 'DefaultQuartzScheduler' with instanceId 'NON_CLUSTERED'
  Scheduler class: 'org.quartz.core.QuartzScheduler' - running locally.
  NOT STARTED.
  Currently in standby mode.
  Number of jobs executed: 0
  Using thread pool 'org.quartz.simpl.SimpleThreadPool' - with 10 threads.
  Using job-store 'org.quartz.simpl.RAMJobStore' - which does not support persistence. and is not clustered.

2017-10-27 10:19:02 INFO  StdSchedulerFactory:1339 - Quartz scheduler 'DefaultQuartzScheduler' initialized from default resource file in Quartz package: 'quartz.properties'
2017-10-27 10:19:02 INFO  StdSchedulerFactory:1343 - Quartz scheduler version: 2.2.1
2017-10-27 10:19:02 INFO  QuartzScheduler:575 - Scheduler DefaultQuartzScheduler_$_NON_CLUSTERED started.
2017-10-27 10:19:02 DEBUG QuartzSchedulerThread:276 - batch acquisition of 0 triggers
2017-10-27 10:19:02 DEBUG QuartzSchedulerThread:276 - batch acquisition of 1 triggers
2017-10-27 10:19:02 DEBUG PropertySettingJobFactory:51 - Producing instance of Job 'group1.job1', class=Querys.Queries$QueryJob
2017-10-27 10:19:02 ERROR ErrorLogger:2425 - An error occured instantiating job to be executed. job= 'group1.job1'
org.quartz.SchedulerException: Problem instantiating class 'Querys.Queries$QueryJob' [See nested exception: java.lang.InstantiationException: Querys.Queries$QueryJob]
	at org.quartz.simpl.SimpleJobFactory.newJob(SimpleJobFactory.java:58)
	at org.quartz.simpl.PropertySettingJobFactory.newJob(PropertySettingJobFactory.java:69)
	at org.quartz.core.JobRunShell.initialize(JobRunShell.java:127)
	at org.quartz.core.QuartzSchedulerThread.run(QuartzSchedulerThread.java:375)
Caused by: java.lang.InstantiationException: Querys.Queries$QueryJob
	at java.lang.Class.newInstance(Class.java:427)
	at org.quartz.simpl.SimpleJobFactory.newJob(SimpleJobFactory.java:56)
	... 3 more
Caused by: java.lang.NoSuchMethodException: Querys.Queries$QueryJob.<init>()
	at java.lang.Class.getConstructor0(Class.java:3082)
	at java.lang.Class.newInstance(Class.java:412)
	... 4 more
2017-10-27 10:19:02 INFO  RAMJobStore:1615 - All triggers of Job group1.job1 set to ERROR state.
2017-10-27 10:19:02 DEBUG QuartzSchedulerThread:276 - batch acquisition of 0 triggers
2017-10-27 10:19:03 DEBUG UpdateChecker:54 - Checking for available updated version of Quartz...
2017-10-27 10:19:24 INFO  Main:12 - OK
2017-10-27 10:19:26 DEBUG QuartzSchedulerThread:276 - batch acquisition of 0 triggers
2017-10-27 10:19:53 DEBUG QuartzSchedulerThread:276 - batch acquisition of 0 triggers
2017-10-27 10:20:22 DEBUG QuartzSchedulerThread:276 - batch acquisition of 0 triggers
2017-10-27 10:20:47 DEBUG QuartzSchedulerThread:276 - batch acquisition of 0 triggers
2017-10-27 10:21:11 DEBUG QuartzSchedulerThread:276 - batch acquisition of 0 triggers
2017-10-27 10:21:38 DEBUG QuartzSchedulerThread:276 - batch acquisition of 0 triggers
2017-10-27 10:22:08 DEBUG QuartzSchedulerThread:276 - batch acquisition of 0 triggers
2017-10-27 10:22:16 INFO  Main:21 - OK
2017-10-27 10:22:37 DEBUG QuartzSchedulerThread:276 - batch acquisition of 0 triggers
2017-10-27 10:22:39 INFO  Main:21 - OK
2017-10-27 10:23:04 DEBUG QuartzSchedulerThread:276 - batch acquisition of 0 triggers
2017-10-27 10:23:27 DEBUG QuartzSchedulerThread:276 - batch acquisition of 0 triggers
2017-10-27 10:24:38 INFO  Main:12 - OK
2017-10-27 10:26:49 INFO  Main:21 - OK
2017-10-27 10:28:14 INFO  Main:22 - OK
2017-10-27 10:29:18 INFO  Main:22 - OK
2017-10-27 10:29:43 INFO  Main:22 - OK
2017-10-27 10:32:29 INFO  Main:22 - OK
2017-10-27 10:34:10 INFO  Main:22 - OK
2017-10-27 10:35:12 INFO  Main:22 - OK
2017-10-27 10:36:16 INFO  Main:22 - OK
2017-10-27 10:36:16 INFO  QueryJob1:18 - Query job is executed.
2017-10-27 10:36:17 INFO  QueryJob1:18 - Query job is executed.
2017-10-27 10:36:18 INFO  QueryJob1:18 - Query job is executed.
2017-10-27 10:36:19 INFO  QueryJob1:18 - Query job is executed.
2017-10-27 10:36:20 INFO  QueryJob1:18 - Query job is executed.
2017-10-27 10:36:21 INFO  QueryJob1:18 - Query job is executed.
2017-10-27 10:36:22 INFO  QueryJob1:18 - Query job is executed.
2017-10-27 10:36:23 INFO  QueryJob1:18 - Query job is executed.
2017-10-27 10:36:24 INFO  QueryJob1:18 - Query job is executed.
2017-10-27 10:36:25 INFO  QueryJob1:18 - Query job is executed.
2017-10-27 10:36:26 INFO  QueryJob1:18 - Query job is executed.
2017-10-27 10:36:27 INFO  QueryJob1:18 - Query job is executed.
2017-10-27 10:36:28 INFO  QueryJob1:18 - Query job is executed.
2017-10-27 10:36:29 INFO  QueryJob1:18 - Query job is executed.
2017-10-27 10:36:30 INFO  QueryJob1:18 - Query job is executed.
2017-10-27 10:36:31 INFO  QueryJob1:18 - Query job is executed.
2017-10-27 10:36:32 INFO  QueryJob1:18 - Query job is executed.
2017-10-27 10:36:33 INFO  QueryJob1:18 - Query job is executed.
2017-10-27 10:36:34 INFO  QueryJob1:18 - Query job is executed.
2017-10-27 10:36:35 INFO  QueryJob1:18 - Query job is executed.
2017-10-27 10:36:36 INFO  QueryJob1:18 - Query job is executed.
2017-10-27 10:36:37 INFO  QueryJob1:18 - Query job is executed.
2017-10-27 10:36:38 INFO  QueryJob1:18 - Query job is executed.
2017-10-27 10:36:39 INFO  QueryJob1:18 - Query job is executed.
2017-10-27 10:36:40 INFO  QueryJob1:18 - Query job is executed.
2017-10-27 10:36:41 INFO  QueryJob1:18 - Query job is executed.
2017-10-27 10:36:42 INFO  QueryJob1:18 - Query job is executed.
2017-10-27 10:36:43 INFO  QueryJob1:18 - Query job is executed.
2017-10-27 10:36:44 INFO  QueryJob1:18 - Query job is executed.
2017-10-27 10:36:45 INFO  QueryJob1:18 - Query job is executed.
2017-10-27 10:36:46 INFO  QueryJob1:18 - Query job is executed.
2017-10-27 10:53:24 INFO  Main:22 - OK
2017-10-27 10:54:10 INFO  Main:22 - OK
2017-10-27 13:54:34 INFO  Main:22 - OK
2017-10-27 14:20:38 INFO  Main:22 - OK
2017-10-27 14:21:36 INFO  Main:22 - OK
2017-10-27 14:22:51 INFO  Main:22 - OK
2017-10-27 14:23:15 INFO  Main:22 - OK
